# Logfile created on 2014-02-28 15:19:28 -0700 by logger.rb/41954
I, [2014-02-28T15:19:28.647382 #2971]  INFO -- : 0:  rake (10.1.0) from /Users/kendallfrazier/.rvm/gems/ruby-2.0.0-p353/specifications/rake-10.1.0.gemspec
I, [2014-02-28T15:19:28.647718 #2971]  INFO -- : 0:  i18n (0.6.9) from /Users/kendallfrazier/.rvm/gems/ruby-2.0.0-p353/specifications/i18n-0.6.9.gemspec
I, [2014-02-28T15:19:28.647981 #2971]  INFO -- : 0:  multi_json (1.8.2) from /Users/kendallfrazier/.rvm/gems/ruby-2.0.0-p353/specifications/multi_json-1.8.2.gemspec
I, [2014-02-28T15:19:28.648231 #2971]  INFO -- : 0:  activesupport (3.2.16) from /Users/kendallfrazier/.rvm/gems/ruby-2.0.0-p353/specifications/activesupport-3.2.16.gemspec
I, [2014-02-28T15:19:28.648463 #2971]  INFO -- : 0:  builder (3.0.4) from /Users/kendallfrazier/.rvm/gems/ruby-2.0.0-p353/specifications/builder-3.0.4.gemspec
I, [2014-02-28T15:19:28.648700 #2971]  INFO -- : 0:  activemodel (3.2.16) from /Users/kendallfrazier/.rvm/gems/ruby-2.0.0-p353/specifications/activemodel-3.2.16.gemspec
I, [2014-02-28T15:19:28.648929 #2971]  INFO -- : 0:  erubis (2.7.0) from /Users/kendallfrazier/.rvm/gems/ruby-2.0.0-p353/specifications/erubis-2.7.0.gemspec
I, [2014-02-28T15:19:28.649163 #2971]  INFO -- : 0:  journey (1.0.4) from /Users/kendallfrazier/.rvm/gems/ruby-2.0.0-p353/specifications/journey-1.0.4.gemspec
I, [2014-02-28T15:19:28.649391 #2971]  INFO -- : 0:  rack (1.4.5) from /Users/kendallfrazier/.rvm/gems/ruby-2.0.0-p353/specifications/rack-1.4.5.gemspec
I, [2014-02-28T15:19:28.649620 #2971]  INFO -- : 0:  rack-cache (1.2) from /Users/kendallfrazier/.rvm/gems/ruby-2.0.0-p353/specifications/rack-cache-1.2.gemspec
I, [2014-02-28T15:19:28.649848 #2971]  INFO -- : 0:  rack-test (0.6.2) from /Users/kendallfrazier/.rvm/gems/ruby-2.0.0-p353/specifications/rack-test-0.6.2.gemspec
I, [2014-02-28T15:19:28.650092 #2971]  INFO -- : 0:  hike (1.2.3) from /Users/kendallfrazier/.rvm/gems/ruby-2.0.0-p353/specifications/hike-1.2.3.gemspec
I, [2014-02-28T15:19:29.283263 #2971]  INFO -- : 0:  tilt (1.4.1) from /Users/kendallfrazier/.rvm/gems/ruby-2.0.0-p353/specifications/tilt-1.4.1.gemspec
I, [2014-02-28T15:19:29.283578 #2971]  INFO -- : 0:  sprockets (2.2.2) from /Users/kendallfrazier/.rvm/gems/ruby-2.0.0-p353/specifications/sprockets-2.2.2.gemspec
I, [2014-02-28T15:19:29.283826 #2971]  INFO -- : 0:  actionpack (3.2.16) from /Users/kendallfrazier/.rvm/gems/ruby-2.0.0-p353/specifications/actionpack-3.2.16.gemspec
I, [2014-02-28T15:19:29.284062 #2971]  INFO -- : 0:  mime-types (1.25.1) from /Users/kendallfrazier/.rvm/gems/ruby-2.0.0-p353/specifications/mime-types-1.25.1.gemspec
I, [2014-02-28T15:19:29.284302 #2971]  INFO -- : 0:  polyglot (0.3.3) from /Users/kendallfrazier/.rvm/gems/ruby-2.0.0-p353/specifications/polyglot-0.3.3.gemspec
I, [2014-02-28T15:19:29.284534 #2971]  INFO -- : 0:  treetop (1.4.15) from /Users/kendallfrazier/.rvm/gems/ruby-2.0.0-p353/specifications/treetop-1.4.15.gemspec
I, [2014-02-28T15:19:29.284766 #2971]  INFO -- : 0:  mail (2.5.4) from /Users/kendallfrazier/.rvm/gems/ruby-2.0.0-p353/specifications/mail-2.5.4.gemspec
I, [2014-02-28T15:19:29.285001 #2971]  INFO -- : 0:  actionmailer (3.2.16) from /Users/kendallfrazier/.rvm/gems/ruby-2.0.0-p353/specifications/actionmailer-3.2.16.gemspec
I, [2014-02-28T15:19:29.285228 #2971]  INFO -- : 0:  arel (3.0.3) from /Users/kendallfrazier/.rvm/gems/ruby-2.0.0-p353/specifications/arel-3.0.3.gemspec
I, [2014-02-28T15:19:29.285457 #2971]  INFO -- : 0:  tzinfo (0.3.38) from /Users/kendallfrazier/.rvm/gems/ruby-2.0.0-p353/specifications/tzinfo-0.3.38.gemspec
I, [2014-02-28T15:19:29.285688 #2971]  INFO -- : 0:  activerecord (3.2.16) from /Users/kendallfrazier/.rvm/gems/ruby-2.0.0-p353/specifications/activerecord-3.2.16.gemspec
I, [2014-02-28T15:19:29.285921 #2971]  INFO -- : 0:  activeresource (3.2.16) from /Users/kendallfrazier/.rvm/gems/ruby-2.0.0-p353/specifications/activeresource-3.2.16.gemspec
I, [2014-02-28T15:19:31.240836 #2971]  INFO -- : 0:  chunky_png (1.2.9) from /Users/kendallfrazier/.rvm/gems/ruby-2.0.0-p353/specifications/chunky_png-1.2.9.gemspec
I, [2014-02-28T15:19:31.241536 #2971]  INFO -- : 0:  coffee-script-source (1.6.3) from /Users/kendallfrazier/.rvm/gems/ruby-2.0.0-p353/specifications/coffee-script-source-1.6.3.gemspec
I, [2014-02-28T15:19:31.241830 #2971]  INFO -- : 0:  execjs (2.0.2) from /Users/kendallfrazier/.rvm/gems/ruby-2.0.0-p353/specifications/execjs-2.0.2.gemspec
I, [2014-02-28T15:19:31.242070 #2971]  INFO -- : 0:  coffee-script (2.2.0) from /Users/kendallfrazier/.rvm/gems/ruby-2.0.0-p353/specifications/coffee-script-2.2.0.gemspec
I, [2014-02-28T15:19:31.242309 #2971]  INFO -- : 0:  rack-ssl (1.3.3) from /Users/kendallfrazier/.rvm/gems/ruby-2.0.0-p353/specifications/rack-ssl-1.3.3.gemspec
I, [2014-02-28T15:19:31.242551 #2971]  INFO -- : 0:  json (1.8.1) from /Users/kendallfrazier/.rvm/gems/ruby-2.0.0-p353/specifications/json-1.8.1.gemspec
I, [2014-02-28T15:19:31.242785 #2971]  INFO -- : 0:  rdoc (3.12.2) from /Users/kendallfrazier/.rvm/gems/ruby-2.0.0-p353/specifications/rdoc-3.12.2.gemspec
I, [2014-02-28T15:19:31.243014 #2971]  INFO -- : 0:  thor (0.18.1) from /Users/kendallfrazier/.rvm/gems/ruby-2.0.0-p353/specifications/thor-0.18.1.gemspec
I, [2014-02-28T15:19:31.243248 #2971]  INFO -- : 0:  railties (3.2.16) from /Users/kendallfrazier/.rvm/gems/ruby-2.0.0-p353/specifications/railties-3.2.16.gemspec
I, [2014-02-28T15:19:31.243478 #2971]  INFO -- : 0:  coffee-rails (3.2.2) from /Users/kendallfrazier/.rvm/gems/ruby-2.0.0-p353/specifications/coffee-rails-3.2.2.gemspec
I, [2014-02-28T15:19:32.201635 #2971]  INFO -- : 0:  fssm (0.2.10) from /Users/kendallfrazier/.rvm/gems/ruby-2.0.0-p353/specifications/fssm-0.2.10.gemspec
I, [2014-02-28T15:19:32.202037 #2971]  INFO -- : 0:  sass (3.2.12) from /Users/kendallfrazier/.rvm/gems/ruby-2.0.0-p353/specifications/sass-3.2.12.gemspec
I, [2014-02-28T15:19:34.871321 #2971]  INFO -- : 0:  compass (0.12.2) from /Users/kendallfrazier/.rvm/gems/ruby-2.0.0-p353/specifications/compass-0.12.2.gemspec
I, [2014-02-28T15:19:35.512968 #2971]  INFO -- : 0:  compass-rails (1.1.2) from /Users/kendallfrazier/.rvm/gems/ruby-2.0.0-p353/specifications/compass-rails-1.1.2.gemspec
I, [2014-02-28T15:19:37.044917 #2971]  INFO -- : 0:  font-awesome-rails (4.0.3.0) from /Users/kendallfrazier/.rvm/gems/ruby-2.0.0-p353/specifications/font-awesome-rails-4.0.3.0.gemspec
I, [2014-02-28T15:19:37.045279 #2971]  INFO -- : 0:  haml (4.0.4) from /Users/kendallfrazier/.rvm/gems/ruby-2.0.0-p353/specifications/haml-4.0.4.gemspec
I, [2014-02-28T15:19:38.398900 #2971]  INFO -- : 0:  jquery-rails (3.0.4) from /Users/kendallfrazier/.rvm/gems/ruby-2.0.0-p353/specifications/jquery-rails-3.0.4.gemspec
I, [2014-02-28T15:19:43.966670 #2971]  INFO -- : 0:  kgio (2.8.1) from /Users/kendallfrazier/.rvm/gems/ruby-2.0.0-p353/specifications/kgio-2.8.1.gemspec
I, [2014-02-28T15:19:48.751177 #2971]  INFO -- : 0:  pg (0.17.0) from /Users/kendallfrazier/.rvm/gems/ruby-2.0.0-p353/specifications/pg-0.17.0.gemspec
I, [2014-02-28T15:19:48.751748 #2971]  INFO -- : 0:  bundler (1.5.1) from /Users/kendallfrazier/.rvm/gems/ruby-2.0.0-p353@global/specifications/bundler-1.5.1.gemspec
I, [2014-02-28T15:19:48.752118 #2971]  INFO -- : 0:  rails (3.2.16) from /Users/kendallfrazier/.rvm/gems/ruby-2.0.0-p353/specifications/rails-3.2.16.gemspec
I, [2014-02-28T15:19:49.380074 #2971]  INFO -- : 0:  rails_serve_static_assets (0.0.1) from /Users/kendallfrazier/.rvm/gems/ruby-2.0.0-p353/specifications/rails_serve_static_assets-0.0.1.gemspec
I, [2014-02-28T15:19:50.161865 #2971]  INFO -- : 0:  rails_stdout_logging (0.0.3) from /Users/kendallfrazier/.rvm/gems/ruby-2.0.0-p353/specifications/rails_stdout_logging-0.0.3.gemspec
I, [2014-02-28T15:19:50.720590 #2971]  INFO -- : 0:  rails_12factor (0.0.2) from /Users/kendallfrazier/.rvm/gems/ruby-2.0.0-p353/specifications/rails_12factor-0.0.2.gemspec
I, [2014-02-28T15:19:52.649810 #2971]  INFO -- : 0:  raindrops (0.12.0) from /Users/kendallfrazier/.rvm/gems/ruby-2.0.0-p353/specifications/raindrops-0.12.0.gemspec
I, [2014-02-28T15:19:52.650256 #2971]  INFO -- : 0:  sass-rails (3.2.6) from /Users/kendallfrazier/.rvm/gems/ruby-2.0.0-p353/specifications/sass-rails-3.2.6.gemspec
I, [2014-02-28T15:19:53.924771 #2971]  INFO -- : 0:  uglifier (2.3.3) from /Users/kendallfrazier/.rvm/gems/ruby-2.0.0-p353/specifications/uglifier-2.3.3.gemspec
I, [2014-02-28T15:19:56.428147 #2971]  INFO -- : 0:  unicorn (4.7.0) from /Users/kendallfrazier/.rvm/gems/ruby-2.0.0-p353/specifications/unicorn-4.7.0.gemspec
